<?xml version="1.0" encoding="UTF-8"?>
<testng-results ignored="0" total="1" passed="1" failed="0" skipped="0">
  <reporter-output>
  </reporter-output>
  <suite started-at="2021-11-12T16:02:09 IST" name="Default suite" finished-at="2021-11-12T16:02:09 IST" duration-ms="155">
    <groups>
    </groups>
    <test started-at="2021-11-12T16:02:09 IST" name="Default test" finished-at="2021-11-12T16:02:09 IST" duration-ms="155">
      <class name="jenkins.Test1">
        <test-method signature="test1()[pri:0, instance:jenkins.Test1@5939a379]" started-at="2021-11-12T16:02:09 IST" name="test1" finished-at="2021-11-12T16:02:09 IST" duration-ms="21" status="PASS">
          <reporter-output>
          </reporter-output>
        </test-method> <!-- test1 -->
      </class> <!-- jenkins.Test1 -->
    </test> <!-- Default test -->
  </suite> <!-- Default suite -->
</testng-results>
